
[avertesy@hpcs01 ~]$ /hpc/hub_oudenaarden/Abel/bin/x_reactivation/DevCell_analysis/06.5.Reference_generation/zz.Polymer_counter.py

Search for homo-polymers of length 5 in the first 10000000.0  lines of  d3_23_gm.fastq
A
1242 homo- A -polymers are found in the first 10000002 lines, that is 0.1271808  * enriched over random occurrence
C
0 homo- C -polymers are found in the first 10000002 lines, that is 0.0  * enriched over random occurrence
G
2 homo- G -polymers are found in the first 10000002 lines, that is 0.0002048  * enriched over random occurrence
T
34923 homo- T -polymers are found in the first 10000002 lines, that is 3.5761152  * enriched over random occurrence
Done 10000002

Search for homo-polymers of length 10 in the first 10000000.0  lines of  d3_23_gm.fastq
A
0 homo- A -polymers are found in the first 10000002 lines, that is 0.0  * enriched over random occurrence
C
0 homo- C -polymers are found in the first 10000002 lines, that is 0.0  * enriched over random occurrence
G
0 homo- G -polymers are found in the first 10000002 lines, that is 0.0  * enriched over random occurrence
T
0 homo- T -polymers are found in the first 10000002 lines, that is 0.0  * enriched over random occurrence
Done 10000002


------------------------------------------------------------------------------------------------------------

Search for homo-polymers of length 5 in the first 10000000.0  lines of  d5_24_af.fastq
A
52327 homo- A -polymers are found in the first 10000002 lines, that is 5.3582848  * enriched over random occurrence
C
3 homo- C -polymers are found in the first 10000002 lines, that is 0.0003072  * enriched over random occurrence
G
1 homo- G -polymers are found in the first 10000002 lines, that is 0.0001024  * enriched over random occurrence
T
201291 homo- T -polymers are found in the first 10000002 lines, that is 20.6121984  * enriched over random occurrence
Done 10000002

Search for homo-polymers of length 10 in the first 10000000.0  lines of  d5_24_af.fastq
A
0 homo- A -polymers are found in the first 10000002 lines, that is 0.0  * enriched over random occurrence
C
0 homo- C -polymers are found in the first 10000002 lines, that is 0.0  * enriched over random occurrence
G
0 homo- G -polymers are found in the first 10000002 lines, that is 0.0  * enriched over random occurrence
T
0 homo- T -polymers are found in the first 10000002 lines, that is 0.0  * enriched over random occurrence
Done 10000002